<?xml version="1.0" encoding="UTF-8"?>
<testng-results ignored="0" total="1" passed="1" failed="0" skipped="0">
  <reporter-output>
  </reporter-output>
  <suite started-at="2023-02-27T15:46:56 IST" name="Default suite" finished-at="2023-02-27T15:46:56 IST" duration-ms="37">
    <groups>
    </groups>
    <test started-at="2023-02-27T15:46:56 IST" name="Default test" finished-at="2023-02-27T15:46:56 IST" duration-ms="37">
      <class name="programzoomsmart">
        <test-method signature="javapro()[pri:0, instance:programzoomsmart@7e7be63f]" started-at="2023-02-27T15:46:56 IST" name="javapro" finished-at="2023-02-27T15:46:56 IST" duration-ms="8" status="PASS">
          <reporter-output>
          </reporter-output>
        </test-method> <!-- javapro -->
      </class> <!-- programzoomsmart -->
    </test> <!-- Default test -->
  </suite> <!-- Default suite -->
</testng-results>
